# JRE version: OpenJDK Runtime Environment JBR-17.0.6+7-469.82-jcef (17.0.6+7) (build 17.0.6+7-b469.82)
# Java VM: OpenJDK 64-Bit Server VM JBR-17.0.6+7-469.82-jcef (17.0.6+7-b469.82, mixed mode, emulated-client, tiered, compressed oops, compressed class ptrs, g1 gc, windows-amd64)
GC Precious Log:
 CPUs: 4 total, 4 available
 Memory: 8109M
 Large Page Support: Disabled
 NUMA Support: Disabled
 Compressed Oops: Enabled (32-bit)
 Heap Region Size: 1M
 Heap Min Capacity: 8M
 Heap Initial Capacity: 128M
 Heap Max Capacity: 2028M
 Pre-touch: Disabled
 Parallel Workers: 4
 Concurrent Workers: 1
 Concurrent Refinement Workers: 4
 Periodic GC: Disabled
Heap:
 garbage-first heap   total 51200K, used 20687K [0x0000000081400000, 0x0000000100000000)
  region size 1024K, 6 young (6144K), 1 survivors (1024K)
 Metaspace       used 40147K, committed 40576K, reserved 1089536K
  class space    used 5125K, committed 5312K, reserved 1048576K
GC Heap History (20 events):
Event: 1.927 GC heap before
{Heap before GC invocations=6 (full 0):
 garbage-first heap   total 34816K, used 21902K [0x0000000081400000, 0x0000000100000000)
  region size 1024K, 15 young (15360K), 1 survivors (1024K)
 Metaspace       used 28526K, committed 28864K, reserved 1081344K
  class space    used 3488K, committed 3648K, reserved 1048576K
}
Event: 1.928 GC heap after
{Heap after GC invocations=7 (full 0):
 garbage-first heap   total 34816K, used 8668K [0x0000000081400000, 0x0000000100000000)
  region size 1024K, 1 young (1024K), 1 survivors (1024K)
 Metaspace       used 28526K, committed 28864K, reserved 1081344K
  class space    used 3488K, committed 3648K, reserved 1048576K
}
Event: 2.769 GC heap before
{Heap before GC invocations=7 (full 0):
 garbage-first heap   total 34816K, used 23004K [0x0000000081400000, 0x0000000100000000)
  region size 1024K, 16 young (16384K), 1 survivors (1024K)
 Metaspace       used 29903K, committed 30272K, reserved 1081344K
  class space    used 3678K, committed 3840K, reserved 1048576K
}
Event: 2.771 GC heap after
{Heap after GC invocations=8 (full 0):
 garbage-first heap   total 34816K, used 10435K [0x0000000081400000, 0x0000000100000000)
  region size 1024K, 2 young (2048K), 2 survivors (2048K)
 Metaspace       used 29903K, committed 30272K, reserved 1081344K
  class space    used 3678K, committed 3840K, reserved 1048576K
}
Event: 3.000 GC heap before
{Heap before GC invocations=8 (full 0):
 garbage-first heap   total 34816K, used 23747K [0x0000000081400000, 0x0000000100000000)
  region size 1024K, 15 young (15360K), 2 survivors (2048K)
 Metaspace       used 31370K, committed 31680K, reserved 1081344K
  class space    used 3894K, committed 4032K, reserved 1048576K
}
Event: 3.004 GC heap after
{Heap after GC invocations=9 (full 0):
 garbage-first heap   total 34816K, used 11007K [0x0000000081400000, 0x0000000100000000)
  region size 1024K, 1 young (1024K), 1 survivors (1024K)
 Metaspace       used 31370K, committed 31680K, reserved 1081344K
  class space    used 3894K, committed 4032K, reserved 1048576K
}
Event: 3.283 GC heap before
{Heap before GC invocations=9 (full 0):
 garbage-first heap   total 34816K, used 24319K [0x0000000081400000, 0x0000000100000000)
  region size 1024K, 15 young (15360K), 1 survivors (1024K)
 Metaspace       used 33881K, committed 34304K, reserved 1081344K
  class space    used 4250K, committed 4480K, reserved 1048576K
}
Event: 3.287 GC heap after
{Heap after GC invocations=10 (full 0):
 garbage-first heap   total 62464K, used 12288K [0x0000000081400000, 0x0000000100000000)
  region size 1024K, 2 young (2048K), 2 survivors (2048K)
 Metaspace       used 33881K, committed 34304K, reserved 1081344K
  class space    used 4250K, committed 4480K, reserved 1048576K
}
Event: 3.459 GC heap before
{Heap before GC invocations=10 (full 0):
 garbage-first heap   total 62464K, used 22528K [0x0000000081400000, 0x0000000100000000)
  region size 1024K, 13 young (13312K), 2 survivors (2048K)
 Metaspace       used 35727K, committed 36096K, reserved 1081344K
  class space    used 4507K, committed 4672K, reserved 1048576K
}
Event: 3.463 GC heap after
{Heap after GC invocations=11 (full 0):
 garbage-first heap   total 62464K, used 13340K [0x0000000081400000, 0x0000000100000000)
  region size 1024K, 4 young (4096K), 4 survivors (4096K)
 Metaspace       used 35727K, committed 36096K, reserved 1081344K
  class space    used 4507K, committed 4672K, reserved 1048576K
}
Event: 3.900 GC heap before
{Heap before GC invocations=12 (full 0):
 garbage-first heap   total 51200K, used 39964K [0x0000000081400000, 0x0000000100000000)
  region size 1024K, 30 young (30720K), 4 survivors (4096K)
 Metaspace       used 39778K, committed 40256K, reserved 1089536K
  class space    used 5072K, committed 5312K, reserved 1048576K
}
Event: 3.904 GC heap after
{Heap after GC invocations=13 (full 0):
 garbage-first heap   total 51200K, used 15653K [0x0000000081400000, 0x0000000100000000)
  region size 1024K, 4 young (4096K), 4 survivors (4096K)
 Metaspace       used 39778K, committed 40256K, reserved 1089536K
  class space    used 5072K, committed 5312K, reserved 1048576K
}
Event: 52137.193 GC heap before
{Heap before GC invocations=13 (full 0):
 garbage-first heap   total 51200K, used 38181K [0x0000000081400000, 0x0000000100000000)
  region size 1024K, 26 young (26624K), 4 survivors (4096K)
 Metaspace       used 40147K, committed 40576K, reserved 1089536K
  class space    used 5125K, committed 5312K, reserved 1048576K
}
Event: 52139.008 GC heap after
{Heap after GC invocations=14 (full 0):
 garbage-first heap   total 51200K, used 16047K [0x0000000081400000, 0x0000000100000000)
  region size 1024K, 1 young (1024K), 1 survivors (1024K)
 Metaspace       used 40147K, committed 40576K, reserved 1089536K
  class space    used 5125K, committed 5312K, reserved 1048576K
}
Event: 54855.007 GC heap before
{Heap before GC invocations=14 (full 0):
 garbage-first heap   total 51200K, used 17071K [0x0000000081400000, 0x0000000100000000)
  region size 1024K, 2 young (2048K), 1 survivors (1024K)
 Metaspace       used 40147K, committed 40576K, reserved 1089536K
  class space    used 5125K, committed 5312K, reserved 1048576K
}
Event: 54855.062 GC heap after
{Heap after GC invocations=15 (full 0):
 garbage-first heap   total 51200K, used 15650K [0x0000000081400000, 0x0000000100000000)
  region size 1024K, 1 young (1024K), 1 survivors (1024K)
 Metaspace       used 40147K, committed 40576K, reserved 1089536K
  class space    used 5125K, committed 5312K, reserved 1048576K
}
Event: 76981.083 GC heap before
{Heap before GC invocations=15 (full 0):
 garbage-first heap   total 51200K, used 23842K [0x0000000081400000, 0x0000000100000000)
  region size 1024K, 9 young (9216K), 1 survivors (1024K)
 Metaspace       used 40147K, committed 40576K, reserved 1089536K
  class space    used 5125K, committed 5312K, reserved 1048576K
}
Event: 76981.384 GC heap after
{Heap after GC invocations=16 (full 0):
 garbage-first heap   total 51200K, used 15586K [0x0000000081400000, 0x0000000100000000)
  region size 1024K, 1 young (1024K), 1 survivors (1024K)
 Metaspace       used 40147K, committed 40576K, reserved 1089536K
  class space    used 5125K, committed 5312K, reserved 1048576K
}
Event: 96187.174 GC heap before
{Heap before GC invocations=16 (full 0):
 garbage-first heap   total 51200K, used 22754K [0x0000000081400000, 0x0000000100000000)
  region size 1024K, 8 young (8192K), 1 survivors (1024K)
 Metaspace       used 40147K, committed 40576K, reserved 1089536K
  class space    used 5125K, committed 5312K, reserved 1048576K
}
Event: 96187.501 GC heap after
{Heap after GC invocations=17 (full 0):
 garbage-first heap   total 51200K, used 15567K [0x0000000081400000, 0x0000000100000000)
  region size 1024K, 1 young (1024K), 1 survivors (1024K)
 Metaspace       used 40147K, committed 40576K, reserved 1089536K
  class space    used 5125K, committed 5312K, reserved 1048576K
}

